<?xml version="1.0" encoding="UTF-8"?>
<!-- Generated by org.testng.reporters.JUnitReportReporter -->
<testsuite hostname="DESKTOP-6VE4VI3" failures="0" tests="1" name="com.time.testcases.LoginTest" time="6.436" errors="0" timestamp="2020-07-22T12:44:59 IST" skipped="0">
  <testcase classname="com.time.testcases.LoginTest" name="LoginApplication" time="6.436"/>
  <system-out/>
</testsuite> <!-- com.time.testcases.LoginTest -->
