<?xml version="1.0" encoding="UTF-8"?>
<!-- Generated by org.testng.reporters.JUnitReportReporter -->
<testsuite hostname="DESKTOP-6VE4VI3" failures="0" tests="1" name="com.myprojec.testcases.LoginTestQualityPoint" time="7.321" errors="0" timestamp="2020-07-26T18:11:12 IST" skipped="0">
  <testcase classname="com.myprojec.testcases.LoginTestQualityPoint" name="LoginApplication" time="7.321"/>
  <system-out/>
</testsuite> <!-- com.myprojec.testcases.LoginTestQualityPoint -->
