<?xml version="1.0" encoding="UTF-8"?>
<!-- Generated by org.testng.reporters.JUnitReportReporter -->
<testsuite skipped="0" hostname="DESKTOP-6VE4VI3" name="com.myprojec.testcases.LoginTestQualityPoint" tests="1" failures="0" timestamp="2020-07-30T19:37:51 IST" time="9.396" errors="0">
  <testcase name="LoginApplication" time="9.396" classname="com.myprojec.testcases.LoginTestQualityPoint"/>
  <system-out/>
</testsuite> <!-- com.myprojec.testcases.LoginTestQualityPoint -->
