<?xml version="1.0" encoding="UTF-8"?>
<!-- Generated by org.testng.reporters.JUnitReportReporter -->
<testsuite hostname="DESKTOP-6VE4VI3" failures="0" tests="1" name="com.myproject.testcases.LoginTestQualityPoint" time="6.473" errors="0" timestamp="2020-07-21T20:13:42 IST" skipped="0">
  <testcase classname="com.myproject.testcases.LoginTestQualityPoint" name="LoginApplication" time="6.473"/>
  <system-out/>
</testsuite> <!-- com.myproject.testcases.LoginTestQualityPoint -->
